<?xml version="1.0" encoding="UTF-8"?>
<!-- Generated by org.testng.reporters.JUnitReportReporter -->
<testsuite hostname="DESKTOP-5903S8A" failures="0" tests="1" name="com.salesCRM.testCases.TC_LoginTest_001" time="19.796" errors="0" timestamp="2023-08-07T01:22:53 BDT" skipped="0">
  <testcase classname="com.salesCRM.testCases.TC_LoginTest_001" name="loginTest" time="19.796"/>
</testsuite> <!-- com.salesCRM.testCases.TC_LoginTest_001 -->
