<?xml version="1.0" encoding="UTF-8"?>
<!-- Generated by org.testng.reporters.JUnitReportReporter -->
<testsuite hostname="DESKTOP-5903S8A" failures="0" tests="1" name="com.salesCRM.testCases.CloudApperTest" time="179.975" errors="0" timestamp="2023-08-09T20:07:02 BDT" skipped="0">
  <testcase classname="com.salesCRM.testCases.CloudApperTest" name="runTest" time="179.975"/>
</testsuite> <!-- com.salesCRM.testCases.CloudApperTest -->
